
Apr 23, 2019 23:08:11.15 NEW SESSION
Apr 23, 2019 23:08:11.15 [5960:5468:0423/230810.992:ERROR:CONSOLE(0)] "Unchecked runtime.lastError: The message port closed before a response was received.", source: chrome-extension://agijeemohccmknhbgdjokbeekmijlbee/newtab/quicknewtabpage.html (0)
Apr 23, 2019 23:11:51.23 [5960:5468:0423/231151.237:ERROR:CONSOLE(0)] "Unchecked runtime.lastError: The message port closed before a response was received.", source: chrome-extension://agijeemohccmknhbgdjokbeekmijlbee/newtab/quicknewtabpage.html (0)
Apr 23, 2019 23:19:25.31 [5960:6016:0423/231925.319:ERROR:socket_stream.cc(219)] Closing stream with result -2
Apr 23, 2019 23:19:27.64 [5960:6016:0423/231927.646:ERROR:connection_factory_impl.cc(411)] Failed to connect to MCS endpoint with error -106
Apr 23, 2019 23:19:28.20 [5960:6016:0423/231928.200:ERROR:connection_factory_impl.cc(411)] Failed to connect to MCS endpoint with error -106
Apr 23, 2019 23:20:09.68 [5960:6016:0423/232009.687:ERROR:connection_factory_impl.cc(411)] Failed to connect to MCS endpoint with error -106
Apr 23, 2019 23:20:41.32 [5960:6016:0423/232041.328:ERROR:connection_factory_impl.cc(411)] Failed to connect to MCS endpoint with error -21
Apr 23, 2019 23:30:34.80 [5960:6016:0423/233034.786:ERROR:connection_factory_impl.cc(411)] Failed to connect to MCS endpoint with error -106
Apr 23, 2019 23:30:39.34 [5960:6016:0423/233039.345:ERROR:connection_factory_impl.cc(411)] Failed to connect to MCS endpoint with error -21
Apr 23, 2019 23:54:03.86 [5960:5468:0423/235403.864:ERROR:CONSOLE(0)] "Unchecked runtime.lastError: The message port closed before a response was received.", source: chrome-extension://agijeemohccmknhbgdjokbeekmijlbee/newtab/quicknewtabpage.html (0)
Apr 24, 2019 24:54:15.36 [5960:5468:0424/005415.304:ERROR:http_bridge.cc(126)] NOT IMPLEMENTED
Apr 24, 2019 24:54:17.49 [5960:6016:0424/005417.493:ERROR:browser_process_sub_thread.cc(209)] Waited 0 ms for network service

Apr 24, 2019 12:49:15.52 NEW SESSION
Apr 24, 2019 12:49:15.52 [6612:3444:0424/124915.511:ERROR:connection_factory_impl.cc(413)] Failed to connect to MCS endpoint with error -100
Apr 24, 2019 12:50:34.25 [6612:5824:0424/125034.250:ERROR:http_bridge.cc(127)] NOT IMPLEMENTED
Apr 24, 2019 12:50:34.78 [6612:3444:0424/125034.780:ERROR:browser_process_sub_thread.cc(217)] Waited 223 ms for network service

Apr 27, 2019 21:11:59.33 NEW SESSION
Apr 27, 2019 21:11:59.33 [7684:1432:0427/211159.322:ERROR:connection_factory_impl.cc(413)] Failed to connect to MCS endpoint with error -106
Apr 27, 2019 21:11:59.71 [7684:1432:0427/211159.715:ERROR:connection_factory_impl.cc(413)] Failed to connect to MCS endpoint with error -106
Apr 27, 2019 21:12:46.79 [7684:1432:0427/211246.799:ERROR:connection_factory_impl.cc(413)] Failed to connect to MCS endpoint with error -106
Apr 27, 2019 21:13:09.34 [7684:1432:0427/211309.348:ERROR:connection_factory_impl.cc(413)] Failed to connect to MCS endpoint with error -21
Apr 27, 2019 21:14:55.62 [7684:8320:0427/211455.619:ERROR:CONSOLE(0)] "Unchecked runtime.lastError: The message port closed before a response was received.", source: chrome-extension://agijeemohccmknhbgdjokbeekmijlbee/newtab/quicknewtabpage.html (0)
Apr 27, 2019 21:23:46.53 [7684:1432:0427/212346.538:ERROR:socket_stream.cc(219)] Closing stream with result -2
Apr 28, 2019 24:02:54.44 [7684:1432:0428/000254.438:ERROR:connection_factory_impl.cc(413)] Failed to connect to MCS endpoint with error -21
Apr 28, 2019 24:02:54.45 [7684:8320:0428/000254.453:ERROR:gcm_channel_status_request.cc(151)] GCM channel request failed.
Apr 28, 2019 24:02:54.47 [7684:1432:0428/000254.474:ERROR:checkin_request.cc(219)] Failed to get checkin response. Fetcher failed. Retrying.
Apr 28, 2019 24:02:54.47 [7684:1268:0428/000254.476:ERROR:get_updates_processor.cc(245)] PostClientToServerMessage() failed during GetUpdates
Apr 28, 2019 24:02:56.54 [7684:1268:0428/000256.549:ERROR:get_updates_processor.cc(245)] PostClientToServerMessage() failed during GetUpdates
Apr 28, 2019 24:02:56.63 [7684:1432:0428/000256.633:ERROR:connection_factory_impl.cc(413)] Failed to connect to MCS endpoint with error -21
Apr 28, 2019 24:02:59.90 [7684:1268:0428/000259.897:ERROR:get_updates_processor.cc(245)] PostClientToServerMessage() failed during GetUpdates
Apr 28, 2019 24:05:06.62 [7684:1432:0428/000506.624:ERROR:connection_factory_impl.cc(413)] Failed to connect to MCS endpoint with error -106
Apr 28, 2019 24:05:22.40 [7684:1432:0428/000522.400:ERROR:connection_factory_impl.cc(413)] Failed to connect to MCS endpoint with error -21
Apr 28, 2019 24:05:26.50 [7684:1432:0428/000526.509:ERROR:connection_factory_impl.cc(413)] Failed to connect to MCS endpoint with error -106
Apr 28, 2019 24:05:47.43 [7684:8320:0428/000547.438:ERROR:CONSOLE(0)] "Unchecked runtime.lastError: The message port closed before a response was received.", source: chrome-extension://agijeemohccmknhbgdjokbeekmijlbee/newtab/quicknewtabpage.html (0)
Apr 28, 2019 24:09:56.64 [7684:8320:0428/000956.647:ERROR:http_bridge.cc(127)] NOT IMPLEMENTED
Apr 28, 2019 24:09:56.64 [7684:1268:0428/000956.647:ERROR:get_updates_processor.cc(245)] PostClientToServerMessage() failed during GetUpdates
Apr 28, 2019 24:10:09.68 [7684:1432:0428/001009.686:ERROR:browser_process_sub_thread.cc(217)] Waited 10010 ms for network service
